This is pdfTeX, Version 3.14159265-2.6-1.40.20 (TeX Live 2019) (preloaded format=pdflatex 2019.5.8)  22 OCT 2020 16:42
entering extended mode
 restricted \write18 enabled.
 file:line:error style messages enabled.
 %&-line parsing enabled.
**"17.3 Vector fields, solutions.tex"
(./17.3 Vector fields, solutions.tex
LaTeX2e <2018-12-01>
(/usr/local/texlive/2019/texmf-dist/tex/latex/amscls/amsart.cls
Document Class: amsart 2017/10/31 v2.20.4
\linespacing=\dimen102
\normalparindent=\dimen103
\normaltopskip=\skip41
(/usr/local/texlive/2019/texmf-dist/tex/latex/amsmath/amsmath.sty
Package: amsmath 2018/12/01 v2.17b AMS math features
\@mathmargin=\skip42

For additional information on amsmath, use the `?' option.
(/usr/local/texlive/2019/texmf-dist/tex/latex/amsmath/amstext.sty
Package: amstext 2000/06/29 v2.01 AMS text

(/usr/local/texlive/2019/texmf-dist/tex/latex/amsmath/amsgen.sty
File: amsgen.sty 1999/11/30 v2.0 generic functions
\@emptytoks=\toks14
\ex@=\dimen104
))
(/usr/local/texlive/2019/texmf-dist/tex/latex/amsmath/amsbsy.sty
Package: amsbsy 1999/11/29 v1.2d Bold Symbols
\pmbraise@=\dimen105
)
(/usr/local/texlive/2019/texmf-dist/tex/latex/amsmath/amsopn.sty
Package: amsopn 2016/03/08 v2.02 operator names
)
\inf@bad=\count80
LaTeX Info: Redefining \frac on input line 223.
\uproot@=\count81
\leftroot@=\count82
LaTeX Info: Redefining \overline on input line 385.
\classnum@=\count83
\DOTSCASE@=\count84
LaTeX Info: Redefining \ldots on input line 482.
LaTeX Info: Redefining \dots on input line 485.
LaTeX Info: Redefining \cdots on input line 606.
\Mathstrutbox@=\box27
\strutbox@=\box28
\big@size=\dimen106
LaTeX Font Info:    Redeclaring font encoding OML on input line 729.
LaTeX Font Info:    Redeclaring font encoding OMS on input line 730.
\macc@depth=\count85
\c@MaxMatrixCols=\count86
\dotsspace@=\muskip10
\c@parentequation=\count87
\dspbrk@lvl=\count88
\tag@help=\toks15
\row@=\count89
\column@=\count90
\maxfields@=\count91
\andhelp@=\toks16
\eqnshift@=\dimen107
\alignsep@=\dimen108
\tagshift@=\dimen109
\tagwidth@=\dimen110
\totwidth@=\dimen111
\lineht@=\dimen112
\@envbody=\toks17
\multlinegap=\skip43
\multlinetaggap=\skip44
\mathdisplay@stack=\toks18
LaTeX Info: Redefining \[ on input line 2844.
LaTeX Info: Redefining \] on input line 2845.
)
LaTeX Font Info:    Try loading font information for U+msa on input line 398.

(/usr/local/texlive/2019/texmf-dist/tex/latex/amsfonts/umsa.fd
File: umsa.fd 2013/01/14 v3.01 AMS symbols A
)
(/usr/local/texlive/2019/texmf-dist/tex/latex/amsfonts/amsfonts.sty
Package: amsfonts 2013/01/14 v3.01 Basic AMSFonts support
\symAMSa=\mathgroup4
\symAMSb=\mathgroup5
LaTeX Font Info:    Overwriting math alphabet `\mathfrak' in version `bold'
(Font)                  U/euf/m/n --> U/euf/b/n on input line 106.
)
\copyins=\insert199
\abstractbox=\box29
\listisep=\skip45
\c@part=\count92
\c@section=\count93
\c@subsection=\count94
\c@subsubsection=\count95
\c@paragraph=\count96
\c@subparagraph=\count97
\c@figure=\count98
\c@table=\count99
\abovecaptionskip=\skip46
\belowcaptionskip=\skip47
\captionindent=\dimen113
\thm@style=\toks19
\thm@bodyfont=\toks20
\thm@headfont=\toks21
\thm@notefont=\toks22
\thm@headpunct=\toks23
\thm@preskip=\skip48
\thm@postskip=\skip49
\thm@headsep=\skip50
\dth@everypar=\toks24
)
(/Users/johnmyers/GoogleDrive/tex/handout.sty
(/usr/local/texlive/2019/texmf-dist/tex/latex/base/fontenc.sty
Package: fontenc 2018/08/11 v2.0j Standard LaTeX package

(/usr/local/texlive/2019/texmf-dist/tex/latex/base/t1enc.def
File: t1enc.def 2018/08/11 v2.0j Standard LaTeX file
LaTeX Font Info:    Redeclaring font encoding T1 on input line 48.
))
(/usr/local/texlive/2019/texmf-dist/tex/latex/lm/lmodern.sty
Package: lmodern 2009/10/30 v1.6 Latin Modern Fonts
LaTeX Font Info:    Overwriting symbol font `operators' in version `normal'
(Font)                  OT1/cmr/m/n --> OT1/lmr/m/n on input line 22.
LaTeX Font Info:    Overwriting symbol font `letters' in version `normal'
(Font)                  OML/cmm/m/it --> OML/lmm/m/it on input line 23.
LaTeX Font Info:    Overwriting symbol font `symbols' in version `normal'
(Font)                  OMS/cmsy/m/n --> OMS/lmsy/m/n on input line 24.
LaTeX Font Info:    Overwriting symbol font `largesymbols' in version `normal'
(Font)                  OMX/cmex/m/n --> OMX/lmex/m/n on input line 25.
LaTeX Font Info:    Overwriting symbol font `operators' in version `bold'
(Font)                  OT1/cmr/bx/n --> OT1/lmr/bx/n on input line 26.
LaTeX Font Info:    Overwriting symbol font `letters' in version `bold'
(Font)                  OML/cmm/b/it --> OML/lmm/b/it on input line 27.
LaTeX Font Info:    Overwriting symbol font `symbols' in version `bold'
(Font)                  OMS/cmsy/b/n --> OMS/lmsy/b/n on input line 28.
LaTeX Font Info:    Overwriting symbol font `largesymbols' in version `bold'
(Font)                  OMX/cmex/m/n --> OMX/lmex/m/n on input line 29.
LaTeX Font Info:    Overwriting math alphabet `\mathbf' in version `normal'
(Font)                  OT1/cmr/bx/n --> OT1/lmr/bx/n on input line 31.
LaTeX Font Info:    Overwriting math alphabet `\mathsf' in version `normal'
(Font)                  OT1/cmss/m/n --> OT1/lmss/m/n on input line 32.
LaTeX Font Info:    Overwriting math alphabet `\mathit' in version `normal'
(Font)                  OT1/cmr/m/it --> OT1/lmr/m/it on input line 33.
LaTeX Font Info:    Overwriting math alphabet `\mathtt' in version `normal'
(Font)                  OT1/cmtt/m/n --> OT1/lmtt/m/n on input line 34.
LaTeX Font Info:    Overwriting math alphabet `\mathbf' in version `bold'
(Font)                  OT1/cmr/bx/n --> OT1/lmr/bx/n on input line 35.
LaTeX Font Info:    Overwriting math alphabet `\mathsf' in version `bold'
(Font)                  OT1/cmss/bx/n --> OT1/lmss/bx/n on input line 36.
LaTeX Font Info:    Overwriting math alphabet `\mathit' in version `bold'
(Font)                  OT1/cmr/bx/it --> OT1/lmr/bx/it on input line 37.
LaTeX Font Info:    Overwriting math alphabet `\mathtt' in version `bold'
(Font)                  OT1/cmtt/m/n --> OT1/lmtt/m/n on input line 38.
)
(/usr/local/texlive/2019/texmf-dist/tex/latex/fancyhdr/fancyhdr.sty
Package: fancyhdr 2019/01/31 v3.10 Extensive control of page headers and footer
s
\f@nch@headwidth=\skip51
\f@nch@O@elh=\skip52
\f@nch@O@erh=\skip53
\f@nch@O@olh=\skip54
\f@nch@O@orh=\skip55
\f@nch@O@elf=\skip56
\f@nch@O@erf=\skip57
\f@nch@O@olf=\skip58
\f@nch@O@orf=\skip59
)
(/usr/local/texlive/2019/texmf-dist/tex/latex/lastpage/lastpage.sty
Package: lastpage 2015/03/29 v1.2m Refers to last page's name (HMM; JPG)
)
(/usr/local/texlive/2019/texmf-dist/tex/latex/tools/enumerate.sty
Package: enumerate 2015/07/23 v3.00 enumerate extensions (DPC)
\@enLab=\toks25
)
(/usr/local/texlive/2019/texmf-dist/tex/latex/graphics/color.sty
Package: color 2016/07/10 v1.1e Standard LaTeX Color (DPC)

(/usr/local/texlive/2019/texmf-dist/tex/latex/graphics-cfg/color.cfg
File: color.cfg 2016/01/02 v1.6 sample color configuration
)
Package color Info: Driver file: pdftex.def on input line 147.

(/usr/local/texlive/2019/texmf-dist/tex/latex/graphics-def/pdftex.def
File: pdftex.def 2018/01/08 v1.0l Graphics/color driver for pdftex
))
(/usr/local/texlive/2019/texmf-dist/tex/latex/paralist/paralist.sty
Package: paralist 2017/01/22 v2.7 Extended list environments
\pltopsep=\skip60
\plpartopsep=\skip61
\plitemsep=\skip62
\plparsep=\skip63
\pl@lab=\toks26
)
(/Users/johnmyers/GoogleDrive/tex/tabto.sty

LaTeX Warning: You have requested package `/Users/johnmyers/GoogleDrive/tex/tab
to',
               but the package provides `tabto'.

Package: tabto 2013/03/25  v 1.3  Another tabbing mechanism
\CurrentLineWidth=\dimen114
) (/usr/local/texlive/2019/texmf-dist/tex/latex/graphics/graphicx.sty
Package: graphicx 2017/06/01 v1.1a Enhanced LaTeX Graphics (DPC,SPQR)

(/usr/local/texlive/2019/texmf-dist/tex/latex/graphics/keyval.sty
Package: keyval 2014/10/28 v1.15 key=value parser (DPC)
\KV@toks@=\toks27
)
(/usr/local/texlive/2019/texmf-dist/tex/latex/graphics/graphics.sty
Package: graphics 2017/06/25 v1.2c Standard LaTeX Graphics (DPC,SPQR)

(/usr/local/texlive/2019/texmf-dist/tex/latex/graphics/trig.sty
Package: trig 2016/01/03 v1.10 sin cos tan (DPC)
)
(/usr/local/texlive/2019/texmf-dist/tex/latex/graphics-cfg/graphics.cfg
File: graphics.cfg 2016/06/04 v1.11 sample graphics configuration
)
Package graphics Info: Driver file: pdftex.def on input line 99.
)
\Gin@req@height=\dimen115
\Gin@req@width=\dimen116
)
(/usr/local/texlive/2019/texmf-dist/tex/latex/caption/subcaption.sty
Package: subcaption 2018/05/01 v1.1-162 Sub-captions (AR)

(/usr/local/texlive/2019/texmf-dist/tex/latex/caption/caption.sty
Package: caption 2018/10/06 v3.3-154 Customizing captions (AR)

(/usr/local/texlive/2019/texmf-dist/tex/latex/caption/caption3.sty
Package: caption3 2018/09/12 v1.8c caption3 kernel (AR)
Package caption3 Info: TeX engine: e-TeX on input line 64.
\captionmargin=\dimen117
\captionmargin@=\dimen118
\captionwidth=\dimen119
\caption@tempdima=\dimen120
\caption@indent=\dimen121
\caption@parindent=\dimen122
\caption@hangindent=\dimen123
)
Package caption Info: AMS or SMF document class.
\c@caption@flags=\count100
\c@ContinuedFloat=\count101
)
\c@subfigure=\count102
\c@subtable=\count103
)
(/usr/local/texlive/2019/texmf-dist/tex/latex/geometry/geometry.sty
Package: geometry 2018/04/16 v5.8 Page Geometry

(/usr/local/texlive/2019/texmf-dist/tex/generic/oberdiek/ifpdf.sty
Package: ifpdf 2018/09/07 v3.3 Provides the ifpdf switch
)
(/usr/local/texlive/2019/texmf-dist/tex/generic/oberdiek/ifvtex.sty
Package: ifvtex 2016/05/16 v1.6 Detect VTeX and its facilities (HO)
Package ifvtex Info: VTeX not detected.
)
(/usr/local/texlive/2019/texmf-dist/tex/generic/ifxetex/ifxetex.sty
Package: ifxetex 2010/09/12 v0.6 Provides ifxetex conditional
)
\Gm@cnth=\count104
\Gm@cntv=\count105
\c@Gm@tempcnt=\count106
\Gm@bindingoffset=\dimen124
\Gm@wd@mp=\dimen125
\Gm@odd@mp=\dimen126
\Gm@even@mp=\dimen127
\Gm@layoutwidth=\dimen128
\Gm@layoutheight=\dimen129
\Gm@layouthoffset=\dimen130
\Gm@layoutvoffset=\dimen131
\Gm@dimlist=\toks28
)
\c@problemNumber=\count107
\c@Prop=\count108
)
(/Users/johnmyers/GoogleDrive/tex/customcommands.sty
(/usr/local/texlive/2019/texmf-dist/tex/latex/amsfonts/amssymb.sty
Package: amssymb 2013/01/14 v3.01 AMS font symbols
)
(/usr/local/texlive/2019/texmf-dist/tex/generic/xypic/xypic.sty
(/usr/local/texlive/2019/texmf-dist/tex/generic/xypic/xy.sty
(/usr/local/texlive/2019/texmf-dist/tex/generic/xypic/xy.tex Bootstrap'ing:
catcodes, docmode,
(/usr/local/texlive/2019/texmf-dist/tex/generic/xypic/xyrecat.tex)
(/usr/local/texlive/2019/texmf-dist/tex/generic/xypic/xyidioms.tex)

 Xy-pic version 3.8.9 <2013/10/06>
 Copyright (c) 1991-2013 by Kristoffer H. Rose <krisrose@tug.org> and others
 Xy-pic is free software: see the User's Guide for details.

Loading kernel: messages; fonts; allocations: state,
\X@c=\dimen132
\Y@c=\dimen133
\U@c=\dimen134
\D@c=\dimen135
\L@c=\dimen136
\R@c=\dimen137
\Edge@c=\toks29
\X@p=\dimen138
\Y@p=\dimen139
\U@p=\dimen140
\D@p=\dimen141
\L@p=\dimen142
\R@p=\dimen143
\Edge@p=\toks30
\X@origin=\dimen144
\Y@origin=\dimen145
\X@xbase=\dimen146
\Y@xbase=\dimen147
\X@ybase=\dimen148
\Y@ybase=\dimen149
\X@min=\dimen150
\Y@min=\dimen151
\X@max=\dimen152
\Y@max=\dimen153
\lastobjectbox@=\box30
\zerodotbox@=\box31
\almostz@=\dimen154
 direction,
\d@X=\dimen155
\d@Y=\dimen156
\K@=\count109
\KK@=\count110
\Direction=\count111
\K@dXdY=\dimen157
\K@dYdX=\dimen158
\xyread@=\read1
\xywrite@=\write3
\csp@=\count112
\quotPTK@=\dimen159

utility macros; pictures: \xy, positions,
\swaptoks@@=\toks31
\connectobjectbox@@=\box32
 objects,
\styletoks@=\toks32
 decorations;
kernel objects: directionals, circles, text; options; algorithms: directions,
edges, connections;  Xy-pic loaded)

LaTeX Warning: You have requested package `xypic',
               but the package provides `xy'.

Package: xy 2013/10/06 Xy-pic version 3.8.9
(/usr/local/texlive/2019/texmf-dist/tex/generic/xypic/xypdf.tex
 Xy-pic option: PDF driver v.1.7 loaded))
(/usr/local/texlive/2019/texmf-dist/tex/generic/xypic/xyv2.tex
 Xy-pic option: Version 2 Compatibility v.3.8

Xy-pic Warning: `\stop' redefined.

(/usr/local/texlive/2019/texmf-dist/tex/generic/xypic/xyframe.tex
 Xy-pic option: Frame and Bracket extension v.3.14 loaded)
Xy-pic pdf driver: `frame' extension support
(/usr/local/texlive/2019/texmf-dist/tex/generic/xypic/xypdf-fr.tex
(/usr/local/texlive/2019/texmf-dist/tex/generic/xypic/xycurve.tex
 Xy-pic option: Curve and Spline extension v.3.12 curve,
\crv@cnt@=\count113
\crvpts@=\toks33
\splinebox@=\box33
\splineval@=\dimen160
\splinedepth@=\dimen161
\splinetol@=\dimen162
\splinelength@=\dimen163
 circles,
\L@=\dimen164
 loaded)
Xy-pic pdf driver: `curve' extension support
(/usr/local/texlive/2019/texmf-dist/tex/generic/xypic/xypdf-cu.tex loaded)
loaded) (/usr/local/texlive/2019/texmf-dist/tex/generic/xypic/xymatrix.tex
 Xy-pic option: Matrix feature v.3.14
\Row=\count114
\Col=\count115
\queue@=\toks34
\queue@@=\toks35
\qcount@=\count116
\qcount@@=\count117
\matrixsize@=\count118
 loaded)
(/usr/local/texlive/2019/texmf-dist/tex/generic/xypic/xyarrow.tex
 Xy-pic option: Arrow and Path feature v.3.9 path, \ar, loaded) loaded)))
(/usr/local/texlive/2019/texmf-dist/tex/latex/polynom/polynom.sty
Package: polynom 2017/07/17 0.19 (CH,HA)
\pld@currstage=\count119
)
(./17.3 Vector fields, solutions.aux)
\openout1 = `"17.3 Vector fields, solutions.aux"'.

LaTeX Font Info:    Checking defaults for OML/cmm/m/it on input line 7.
LaTeX Font Info:    ... okay on input line 7.
LaTeX Font Info:    Checking defaults for T1/cmr/m/n on input line 7.
LaTeX Font Info:    ... okay on input line 7.
LaTeX Font Info:    Checking defaults for OT1/cmr/m/n on input line 7.
LaTeX Font Info:    ... okay on input line 7.
LaTeX Font Info:    Checking defaults for OMS/cmsy/m/n on input line 7.
LaTeX Font Info:    ... okay on input line 7.
LaTeX Font Info:    Checking defaults for OMX/cmex/m/n on input line 7.
LaTeX Font Info:    ... okay on input line 7.
LaTeX Font Info:    Checking defaults for U/cmr/m/n on input line 7.
LaTeX Font Info:    ... okay on input line 7.
LaTeX Font Info:    Try loading font information for T1+lmr on input line 7.

(/usr/local/texlive/2019/texmf-dist/tex/latex/lm/t1lmr.fd
File: t1lmr.fd 2009/10/30 v1.6 Font defs for Latin Modern
)
LaTeX Font Info:    Try loading font information for OT1+lmr on input line 7.

(/usr/local/texlive/2019/texmf-dist/tex/latex/lm/ot1lmr.fd
File: ot1lmr.fd 2009/10/30 v1.6 Font defs for Latin Modern
)
LaTeX Font Info:    Try loading font information for OML+lmm on input line 7.

(/usr/local/texlive/2019/texmf-dist/tex/latex/lm/omllmm.fd
File: omllmm.fd 2009/10/30 v1.6 Font defs for Latin Modern
)
LaTeX Font Info:    Try loading font information for OMS+lmsy on input line 7.

(/usr/local/texlive/2019/texmf-dist/tex/latex/lm/omslmsy.fd
File: omslmsy.fd 2009/10/30 v1.6 Font defs for Latin Modern
)
LaTeX Font Info:    Try loading font information for OMX+lmex on input line 7.

(/usr/local/texlive/2019/texmf-dist/tex/latex/lm/omxlmex.fd
File: omxlmex.fd 2009/10/30 v1.6 Font defs for Latin Modern
)
LaTeX Font Info:    External font `lmex10' loaded for size
(Font)              <10> on input line 7.
LaTeX Font Info:    External font `lmex10' loaded for size
(Font)              <7> on input line 7.
LaTeX Font Info:    External font `lmex10' loaded for size
(Font)              <5> on input line 7.
LaTeX Font Info:    Try loading font information for U+msa on input line 7.

(/usr/local/texlive/2019/texmf-dist/tex/latex/amsfonts/umsa.fd
File: umsa.fd 2013/01/14 v3.01 AMS symbols A
)
LaTeX Font Info:    Try loading font information for U+msb on input line 7.

(/usr/local/texlive/2019/texmf-dist/tex/latex/amsfonts/umsb.fd
File: umsb.fd 2013/01/14 v3.01 AMS symbols B
)
Package lastpage Info: Please have a look at the pageslts package at
(lastpage)             https://www.ctan.org/pkg/pageslts
(lastpage)             ! on input line 7.

(/usr/local/texlive/2019/texmf-dist/tex/context/base/mkii/supp-pdf.mkii
[Loading MPS to PDF converter (version 2006.09.02).]
\scratchcounter=\count120
\scratchdimen=\dimen165
\scratchbox=\box34
\nofMPsegments=\count121
\nofMParguments=\count122
\everyMPshowfont=\toks36
\MPscratchCnt=\count123
\MPscratchDim=\dimen166
\MPnumerator=\count124
\makeMPintoPDFobject=\count125
\everyMPtoPDFconversion=\toks37
) (/usr/local/texlive/2019/texmf-dist/tex/latex/oberdiek/epstopdf-base.sty
Package: epstopdf-base 2016/05/15 v2.6 Base part for package epstopdf

(/usr/local/texlive/2019/texmf-dist/tex/generic/oberdiek/infwarerr.sty
Package: infwarerr 2016/05/16 v1.4 Providing info/warning/error messages (HO)
)
(/usr/local/texlive/2019/texmf-dist/tex/latex/oberdiek/grfext.sty
Package: grfext 2016/05/16 v1.2 Manage graphics extensions (HO)

(/usr/local/texlive/2019/texmf-dist/tex/generic/oberdiek/kvdefinekeys.sty
Package: kvdefinekeys 2016/05/16 v1.4 Define keys (HO)

(/usr/local/texlive/2019/texmf-dist/tex/generic/oberdiek/ltxcmds.sty
Package: ltxcmds 2016/05/16 v1.23 LaTeX kernel commands for general use (HO)
)))
(/usr/local/texlive/2019/texmf-dist/tex/latex/oberdiek/kvoptions.sty
Package: kvoptions 2016/05/16 v3.12 Key value format for package options (HO)

(/usr/local/texlive/2019/texmf-dist/tex/generic/oberdiek/kvsetkeys.sty
Package: kvsetkeys 2016/05/16 v1.17 Key value parser (HO)

(/usr/local/texlive/2019/texmf-dist/tex/generic/oberdiek/etexcmds.sty
Package: etexcmds 2016/05/16 v1.6 Avoid name clashes with e-TeX commands (HO)

(/usr/local/texlive/2019/texmf-dist/tex/generic/oberdiek/ifluatex.sty
Package: ifluatex 2016/05/16 v1.4 Provides the ifluatex switch (HO)
Package ifluatex Info: LuaTeX not detected.
))))
(/usr/local/texlive/2019/texmf-dist/tex/generic/oberdiek/pdftexcmds.sty
Package: pdftexcmds 2018/09/10 v0.29 Utility functions of pdfTeX for LuaTeX (HO
)
Package pdftexcmds Info: LuaTeX not detected.
Package pdftexcmds Info: \pdf@primitive is available.
Package pdftexcmds Info: \pdf@ifprimitive is available.
Package pdftexcmds Info: \pdfdraftmode found.
)
Package epstopdf-base Info: Redefining graphics rule for `.eps' on input line 4
38.
Package grfext Info: Graphics extension search list:
(grfext)             [.pdf,.png,.jpg,.mps,.jpeg,.jbig2,.jb2,.PDF,.PNG,.JPG,.JPE
G,.JBIG2,.JB2,.eps]
(grfext)             \AppendGraphicsExtensions on input line 456.

(/usr/local/texlive/2019/texmf-dist/tex/latex/latexconfig/epstopdf-sys.cfg
File: epstopdf-sys.cfg 2010/07/13 v1.3 Configuration of (r)epstopdf for TeX Liv
e
))
Package caption Info: Begin \AtBeginDocument code.
Package caption Info: End \AtBeginDocument code.

*geometry* driver: auto-detecting
*geometry* detected driver: pdftex
*geometry* verbose mode - [ preamble ] result:
* driver: pdftex
* paper: <default>
* layout: <same size as paper>
* layoutoffset:(h,v)=(0.0pt,0.0pt)
* modes: twoside 
* h-part:(L,W,R)=(54.2025pt, 505.89pt, 54.2025pt)
* v-part:(T,H,B)=(54.2025pt, 686.56499pt, 54.2025pt)
* \paperwidth=614.295pt
* \paperheight=794.96999pt
* \textwidth=505.89pt
* \textheight=686.56499pt
* \oddsidemargin=-18.06749pt
* \evensidemargin=-18.06749pt
* \topmargin=-40.06749pt
* \headheight=8.0pt
* \headsep=14.0pt
* \topskip=10.0pt
* \footskip=12.0pt
* \marginparwidth=90.0pt
* \marginparsep=11.0pt
* \columnsep=10.0pt
* \skip\footins=7.0pt plus 11.0pt
* \hoffset=0.0pt
* \voffset=0.0pt
* \mag=1000
* \@twocolumnfalse
* \@twosidetrue
* \@mparswitchtrue
* \@reversemarginfalse
* (1in=72.27pt=25.4mm, 1cm=28.453pt)

LaTeX Font Info:    External font `lmex10' loaded for size
(Font)              <12> on input line 7.
LaTeX Font Info:    External font `lmex10' loaded for size
(Font)              <8> on input line 7.
LaTeX Font Info:    External font `lmex10' loaded for size
(Font)              <6> on input line 7.
Package xypdf Info: Line width: 0.39998pt on input line 7.

Underfull \hbox (badness 1092) in paragraph at lines 32--33
[]$[]\OT1/lmr/m/n/12 (\OML/lmm/m/it/12 x; y; z\OT1/lmr/m/n/12 ) = \OMS/lmsy/m/n
/12 h[]$
 []

<I.pdf, id=1, 117.06703pt x 102.41632pt>
File: I.pdf Graphic file (type pdf)
<use I.pdf>
Package pdftex.def Info: I.pdf  used on input line 39.
(pdftex.def)             Requested size: 146.3334pt x 128.02007pt.
<II.pdf, id=2, 111.57022pt x 103.187pt>
File: II.pdf Graphic file (type pdf)
<use II.pdf>
Package pdftex.def Info: II.pdf  used on input line 40.
(pdftex.def)             Requested size: 139.4624pt x 128.98341pt.
<III.pdf, id=3, 107.78137pt x 101.53374pt>
File: III.pdf Graphic file (type pdf)
<use III.pdf>
Package pdftex.def Info: III.pdf  used on input line 41.
(pdftex.def)             Requested size: 134.72636pt x 126.91684pt.
<IV.pdf, id=4, 112.16946pt x 103.08pt>
File: IV.pdf Graphic file (type pdf)
<use IV.pdf>
Package pdftex.def Info: IV.pdf  used on input line 42.
(pdftex.def)             Requested size: 140.21146pt x 128.84967pt.

Overfull \hbox (2.61105pt too wide) in paragraph at lines 30--44
[]$[]$ $[]$ 
 []


Package Fancyhdr Warning: \headheight is too small (8.0pt): 
Make it at least 14.0pt.
We now make it that large for the rest of the document.
This may cause the page layout to be inconsistent, however.

[1{/usr/local/texlive/2019/texmf-var/fonts/map/pdftex/updmap/pdftex.map} <./I.p
df> <./II.pdf> <./III.pdf> <./IV.pdf>]
<pic1.pdf, id=387, 90.67563pt x 94.59349pt>
File: pic1.pdf Graphic file (type pdf)
<use pic1.pdf>
Package pdftex.def Info: pic1.pdf  used on input line 52.
(pdftex.def)             Requested size: 158.68195pt x 165.53818pt.
<pic3.pdf, id=388, 90.73468pt x 95.66139pt>
File: pic3.pdf Graphic file (type pdf)
<use pic3.pdf>
Package pdftex.def Info: pic3.pdf  used on input line 54.
(pdftex.def)             Requested size: 158.78528pt x 167.40698pt.
<pic4.pdf, id=389, 89.5372pt x 92.75122pt>
File: pic4.pdf Graphic file (type pdf)
<use pic4.pdf>
Package pdftex.def Info: pic4.pdf  used on input line 56.
(pdftex.def)             Requested size: 156.6897pt x 162.31421pt.
<pic2.pdf, id=390, 90.39984pt x 95.60638pt>
File: pic2.pdf Graphic file (type pdf)
<use pic2.pdf>
Package pdftex.def Info: pic2.pdf  used on input line 62.
(pdftex.def)             Requested size: 158.19931pt x 167.31075pt.
<pic5.pdf, id=391, 87.9012pt x 92.81656pt>
File: pic5.pdf Graphic file (type pdf)
<use pic5.pdf>
Package pdftex.def Info: pic5.pdf  used on input line 64.
(pdftex.def)             Requested size: 153.82669pt x 162.42854pt.
<pic6.pdf, id=392, 89.85138pt x 93.25922pt>
File: pic6.pdf Graphic file (type pdf)
<use pic6.pdf>
Package pdftex.def Info: pic6.pdf  used on input line 66.
(pdftex.def)             Requested size: 157.2395pt x 163.2032pt.

Overfull \hbox (2.61105pt too wide) in paragraph at lines 49--69
[]$[]$ $[]$ 
 []


Package Fancyhdr Warning: \footskip is too small (12.0pt): 
Make it at least 14.0pt.
We now make it that large for the rest of the document.
This may cause the page layout to be inconsistent, however.

[2 <./pic1.pdf> <./pic3.pdf> <./pic4.pdf> <./pic2.pdf> <./pic5.pdf> <./pic6.pdf
>] [3]
<pic11.pdf, id=739, 69.4861pt x 71.39905pt>
File: pic11.pdf Graphic file (type pdf)
<use pic11.pdf>
Package pdftex.def Info: pic11.pdf  used on input line 101.
(pdftex.def)             Requested size: 104.22887pt x 107.0983pt.
<pic12.pdf, id=740, 70.19012pt x 71.76712pt>
File: pic12.pdf Graphic file (type pdf)
<use pic12.pdf>
Package pdftex.def Info: pic12.pdf  used on input line 103.
(pdftex.def)             Requested size: 105.28491pt x 107.6504pt.
<pic13.pdf, id=741, 70.4783pt x 71.49129pt>
File: pic13.pdf Graphic file (type pdf)
<use pic13.pdf>
Package pdftex.def Info: pic13.pdf  used on input line 105.
(pdftex.def)             Requested size: 105.71715pt x 107.23665pt.
<pic14.pdf, id=742, 69.8335pt x 70.4773pt>
File: pic14.pdf Graphic file (type pdf)
<use pic14.pdf>
Package pdftex.def Info: pic14.pdf  used on input line 107.
(pdftex.def)             Requested size: 104.74997pt x 105.71567pt.
<pic15.pdf, id=743, 72.40149pt x 75.40923pt>
File: pic15.pdf Graphic file (type pdf)
<use pic15.pdf>
Package pdftex.def Info: pic15.pdf  used on input line 114.
(pdftex.def)             Requested size: 108.60193pt x 113.11354pt.
<pic16.pdf, id=744, 74.24388pt x 75.24641pt>
File: pic16.pdf Graphic file (type pdf)
<use pic16.pdf>
Package pdftex.def Info: pic16.pdf  used on input line 116.
(pdftex.def)             Requested size: 111.36552pt x 112.86932pt.
<pic17.pdf, id=745, 73.44771pt x 76.4989pt>
File: pic17.pdf Graphic file (type pdf)
<use pic17.pdf>
Package pdftex.def Info: pic17.pdf  used on input line 118.
(pdftex.def)             Requested size: 110.17128pt x 114.74805pt.
<pic18.pdf, id=746, 75.54504pt x 75.91312pt>
File: pic18.pdf Graphic file (type pdf)
<use pic18.pdf>
Package pdftex.def Info: pic18.pdf  used on input line 120.
(pdftex.def)             Requested size: 113.31726pt x 113.86937pt.
 
AED: lastpage setting LastPage
[4 <./pic11.pdf> <./pic12.pdf> <./pic13.pdf> <./pic14.pdf> <./pic15.pdf> <./pic
16.pdf> <./pic17.pdf> <./pic18.pdf>] (./17.3 Vector fields, solutions.aux) ) 
Here is how much of TeX's memory you used:
 8774 strings out of 492616
 113120 string characters out of 6129482
 232922 words of memory out of 5000000
 12358 multiletter control sequences out of 15000+600000
 38853 words of font info for 55 fonts, out of 8000000 for 9000
 1302 hyphenation exceptions out of 8191
 49i,12n,45p,1473b,312s stack positions out of 5000i,500n,10000p,200000b,80000s
{/u
sr/local/texlive/2019/texmf-dist/fonts/enc/dvips/lm/lm-rm.enc}{/usr/local/texli
ve/2019/texmf-dist/fonts/enc/dvips/lm/lm-mathit.enc}{/usr/local/texlive/2019/te
xmf-dist/fonts/enc/dvips/lm/lm-mathsy.enc}{/usr/local/texlive/2019/texmf-dist/f
onts/enc/dvips/lm/lm-ec.enc}</usr/local/texlive/2019/texmf-dist/fonts/type1/pub
lic/amsfonts/cm/cmex10.pfb></usr/local/texlive/2019/texmf-dist/fonts/type1/publ
ic/amsfonts/cm/cmmi6.pfb></usr/local/texlive/2019/texmf-dist/fonts/type1/public
/amsfonts/cm/cmmi7.pfb></usr/local/texlive/2019/texmf-dist/fonts/type1/public/a
msfonts/cm/cmmi8.pfb></usr/local/texlive/2019/texmf-dist/fonts/type1/public/ams
fonts/cm/cmmi9.pfb></usr/local/texlive/2019/texmf-dist/fonts/type1/public/amsfo
nts/cm/cmr6.pfb></usr/local/texlive/2019/texmf-dist/fonts/type1/public/amsfonts
/cm/cmr7.pfb></usr/local/texlive/2019/texmf-dist/fonts/type1/public/amsfonts/cm
/cmr9.pfb></usr/local/texlive/2019/texmf-dist/fonts/type1/public/amsfonts/cm/cm
sy6.pfb></usr/local/texlive/2019/texmf-dist/fonts/type1/public/amsfonts/cm/cmsy
7.pfb></usr/local/texlive/2019/texmf-dist/fonts/type1/public/amsfonts/cm/cmsy9.
pfb></usr/local/texlive/2019/texmf-dist/fonts/type1/public/lm/lmbx12.pfb></usr/
local/texlive/2019/texmf-dist/fonts/type1/public/lm/lmmi12.pfb></usr/local/texl
ive/2019/texmf-dist/fonts/type1/public/lm/lmmi8.pfb></usr/local/texlive/2019/te
xmf-dist/fonts/type1/public/lm/lmr12.pfb></usr/local/texlive/2019/texmf-dist/fo
nts/type1/public/lm/lmr6.pfb></usr/local/texlive/2019/texmf-dist/fonts/type1/pu
blic/lm/lmr8.pfb></usr/local/texlive/2019/texmf-dist/fonts/type1/public/lm/lmsy
10.pfb></usr/local/texlive/2019/texmf-dist/fonts/type1/public/lm/lmsy8.pfb></us
r/local/texlive/2019/texmf-dist/fonts/type1/public/amsfonts/symbols/msbm10.pfb>

Output written on "17.3 Vector fields, solutions.pdf" (4 pages, 2140559 bytes).

PDF statistics:
 1197 PDF objects out of 1200 (max. 8388607)
 919 compressed objects within 10 object streams
 0 named destinations out of 1000 (max. 500000)
 91 words of extra memory for PDF output out of 10000 (max. 10000000)

